# JRE version: Java(TM) SE Runtime Environment (8.0_112-b15) (build 1.8.0_112-b15)
# Java VM: Java HotSpot(TM) 64-Bit Server VM (25.112-b15 mixed mode windows-amd64 compressed oops)
Heap:
 PSYoungGen      total 1105920K, used 1039360K [0x000000076b180000, 0x00000007be480000, 0x00000007c0000000)
  eden space 1039360K, 100% used [0x000000076b180000,0x00000007aa880000,0x00000007aa880000)
  from space 66560K, 0% used [0x00000007ae780000,0x00000007ae780000,0x00000007b2880000)
  to   space 64512K, 0% used [0x00000007aa880000,0x00000007aa880000,0x00000007ae780000)
 ParOldGen       total 354304K, used 165945K [0x00000006c1400000, 0x00000006d6e00000, 0x000000076b180000)
  object space 354304K, 46% used [0x00000006c1400000,0x00000006cb60e698,0x00000006d6e00000)
 Metaspace       used 39551K, capacity 39817K, committed 40320K, reserved 1085440K
  class space    used 5061K, capacity 5159K, committed 5248K, reserved 1048576K
GC Heap History (10 events):
Event: 7.976 GC heap before
{Heap before GC invocations=11 (full 1):
 PSYoungGen      total 531968K, used 237649K [0x000000076b180000, 0x00000007ace80000, 0x00000007c0000000)
  eden space 487424K, 39% used [0x000000076b180000,0x0000000776e19e98,0x0000000788d80000)
  from space 44544K, 99% used [0x0000000788d80000,0x000000078b8fa6b0,0x000000078b900000)
  to   space 51712K, 0% used [0x00000007a9c00000,0x00000007a9c00000,0x00000007ace80000)
 ParOldGen       total 175104K, used 89656K [0x00000006c1400000, 0x00000006cbf00000, 0x000000076b180000)
  object space 175104K, 51% used [0x00000006c1400000,0x00000006c6b8e210,0x00000006cbf00000)
 Metaspace       used 26450K, capacity 26706K, committed 26880K, reserved 1073152K
  class space    used 3469K, capacity 3579K, committed 3584K, reserved 1048576K
Event: 7.994 GC heap after
Heap after GC invocations=11 (full 1):
 PSYoungGen      total 806912K, used 26190K [0x000000076b180000, 0x00000007ab600000, 0x00000007c0000000)
  eden space 780288K, 0% used [0x000000076b180000,0x000000076b180000,0x000000079ab80000)
  from space 26624K, 98% used [0x00000007a9c00000,0x00000007ab593958,0x00000007ab600000)
  to   space 49152K, 0% used [0x00000007a5600000,0x00000007a5600000,0x00000007a8600000)
 ParOldGen       total 175104K, used 110845K [0x00000006c1400000, 0x00000006cbf00000, 0x000000076b180000)
  object space 175104K, 63% used [0x00000006c1400000,0x00000006c803f688,0x00000006cbf00000)
 Metaspace       used 26450K, capacity 26706K, committed 26880K, reserved 1073152K
  class space    used 3469K, capacity 3579K, committed 3584K, reserved 1048576K
}
Event: 7.994 GC heap before
{Heap before GC invocations=12 (full 2):
 PSYoungGen      total 806912K, used 26190K [0x000000076b180000, 0x00000007ab600000, 0x00000007c0000000)
  eden space 780288K, 0% used [0x000000076b180000,0x000000076b180000,0x000000079ab80000)
  from space 26624K, 98% used [0x00000007a9c00000,0x00000007ab593958,0x00000007ab600000)
  to   space 49152K, 0% used [0x00000007a5600000,0x00000007a5600000,0x00000007a8600000)
 ParOldGen       total 175104K, used 110845K [0x00000006c1400000, 0x00000006cbf00000, 0x000000076b180000)
  object space 175104K, 63% used [0x00000006c1400000,0x00000006c803f688,0x00000006cbf00000)
 Metaspace       used 26450K, capacity 26706K, committed 26880K, reserved 1073152K
  class space    used 3469K, capacity 3579K, committed 3584K, reserved 1048576K
Event: 8.109 GC heap after
Heap after GC invocations=12 (full 2):
 PSYoungGen      total 806912K, used 0K [0x000000076b180000, 0x00000007ab600000, 0x00000007c0000000)
  eden space 780288K, 0% used [0x000000076b180000,0x000000076b180000,0x000000079ab80000)
  from space 26624K, 0% used [0x00000007a9c00000,0x00000007a9c00000,0x00000007ab600000)
  to   space 49152K, 0% used [0x00000007a5600000,0x00000007a5600000,0x00000007a8600000)
 ParOldGen       total 218624K, used 99204K [0x00000006c1400000, 0x00000006ce980000, 0x000000076b180000)
  object space 218624K, 45% used [0x00000006c1400000,0x00000006c74e10b0,0x00000006ce980000)
 Metaspace       used 26450K, capacity 26706K, committed 26880K, reserved 1073152K
  class space    used 3469K, capacity 3579K, committed 3584K, reserved 1048576K
}
Event: 12.307 GC heap before
{Heap before GC invocations=13 (full 2):
 PSYoungGen      total 806912K, used 780288K [0x000000076b180000, 0x00000007ab600000, 0x00000007c0000000)
  eden space 780288K, 100% used [0x000000076b180000,0x000000079ab80000,0x000000079ab80000)
  from space 26624K, 0% used [0x00000007a9c00000,0x00000007a9c00000,0x00000007ab600000)
  to   space 49152K, 0% used [0x00000007a5600000,0x00000007a5600000,0x00000007a8600000)
 ParOldGen       total 218624K, used 99204K [0x00000006c1400000, 0x00000006ce980000, 0x000000076b180000)
  object space 218624K, 45% used [0x00000006c1400000,0x00000006c74e10b0,0x00000006ce980000)
 Metaspace       used 34930K, capacity 35225K, committed 35712K, reserved 1081344K
  class space    used 4534K, capacity 4637K, committed 4736K, reserved 1048576K
Event: 12.335 GC heap after
Heap after GC invocations=13 (full 2):
 PSYoungGen      total 1004032K, used 49122K [0x000000076b180000, 0x00000007b2880000, 0x00000007c0000000)
  eden space 954880K, 0% used [0x000000076b180000,0x000000076b180000,0x00000007a5600000)
  from space 49152K, 99% used [0x00000007a5600000,0x00000007a85f8978,0x00000007a8600000)
  to   space 66560K, 0% used [0x00000007ae780000,0x00000007ae780000,0x00000007b2880000)
 ParOldGen       total 218624K, used 129404K [0x00000006c1400000, 0x00000006ce980000, 0x000000076b180000)
  object space 218624K, 59% used [0x00000006c1400000,0x00000006c925f2c8,0x00000006ce980000)
 Metaspace       used 34930K, capacity 35225K, committed 35712K, reserved 1081344K
  class space    used 4534K, capacity 4637K, committed 4736K, reserved 1048576K
}
Event: 20.499 GC heap before
{Heap before GC invocations=14 (full 2):
 PSYoungGen      total 1004032K, used 1004002K [0x000000076b180000, 0x00000007b2880000, 0x00000007c0000000)
  eden space 954880K, 100% used [0x000000076b180000,0x00000007a5600000,0x00000007a5600000)
  from space 49152K, 99% used [0x00000007a5600000,0x00000007a85f8978,0x00000007a8600000)
  to   space 66560K, 0% used [0x00000007ae780000,0x00000007ae780000,0x00000007b2880000)
 ParOldGen       total 218624K, used 129404K [0x00000006c1400000, 0x00000006ce980000, 0x000000076b180000)
  object space 218624K, 59% used [0x00000006c1400000,0x00000006c925f2c8,0x00000006ce980000)
 Metaspace       used 37478K, capacity 37769K, committed 38272K, reserved 1083392K
  class space    used 4795K, capacity 4903K, committed 4992K, reserved 1048576K
Event: 20.525 GC heap after
Heap after GC invocations=14 (full 2):
 PSYoungGen      total 1105920K, used 23326K [0x000000076b180000, 0x00000007be480000, 0x00000007c0000000)
  eden space 1039360K, 0% used [0x000000076b180000,0x000000076b180000,0x00000007aa880000)
  from space 66560K, 35% used [0x00000007ae780000,0x00000007afe47bf8,0x00000007b2880000)
  to   space 64512K, 0% used [0x00000007aa880000,0x00000007aa880000,0x00000007ae780000)
 ParOldGen       total 218624K, used 176809K [0x00000006c1400000, 0x00000006ce980000, 0x000000076b180000)
  object space 218624K, 80% used [0x00000006c1400000,0x00000006cc0aa470,0x00000006ce980000)
 Metaspace       used 37478K, capacity 37769K, committed 38272K, reserved 1083392K
  class space    used 4795K, capacity 4903K, committed 4992K, reserved 1048576K
}
Event: 20.525 GC heap before
{Heap before GC invocations=15 (full 3):
 PSYoungGen      total 1105920K, used 23326K [0x000000076b180000, 0x00000007be480000, 0x00000007c0000000)
  eden space 1039360K, 0% used [0x000000076b180000,0x000000076b180000,0x00000007aa880000)
  from space 66560K, 35% used [0x00000007ae780000,0x00000007afe47bf8,0x00000007b2880000)
  to   space 64512K, 0% used [0x00000007aa880000,0x00000007aa880000,0x00000007ae780000)
 ParOldGen       total 218624K, used 176809K [0x00000006c1400000, 0x00000006ce980000, 0x000000076b180000)
  object space 218624K, 80% used [0x00000006c1400000,0x00000006cc0aa470,0x00000006ce980000)
 Metaspace       used 37478K, capacity 37769K, committed 38272K, reserved 1083392K
  class space    used 4795K, capacity 4903K, committed 4992K, reserved 1048576K
Event: 20.925 GC heap after
Heap after GC invocations=15 (full 3):
 PSYoungGen      total 1105920K, used 0K [0x000000076b180000, 0x00000007be480000, 0x00000007c0000000)
  eden space 1039360K, 0% used [0x000000076b180000,0x000000076b180000,0x00000007aa880000)
  from space 66560K, 0% used [0x00000007ae780000,0x00000007ae780000,0x00000007b2880000)
  to   space 64512K, 0% used [0x00000007aa880000,0x00000007aa880000,0x00000007ae780000)
 ParOldGen       total 354304K, used 165945K [0x00000006c1400000, 0x00000006d6e00000, 0x000000076b180000)
  object space 354304K, 46% used [0x00000006c1400000,0x00000006cb60e698,0x00000006d6e00000)
 Metaspace       used 37478K, capacity 37769K, committed 38272K, reserved 1083392K
  class space    used 4795K, capacity 4903K, committed 4992K, reserved 1048576K
}

