# JRE version: Java(TM) SE Runtime Environment (8.0_112-b15) (build 1.8.0_112-b15)
# Java VM: Java HotSpot(TM) 64-Bit Server VM (25.112-b15 mixed mode windows-amd64 compressed oops)
Heap:
 PSYoungGen      total 1004544K, used 509127K [0x000000076b180000, 0x00000007b1700000, 0x00000007c0000000)
  eden space 954880K, 48% used [0x000000076b180000,0x00000007872337e0,0x00000007a5600000)
  from space 49664K, 99% used [0x00000007a5600000,0x00000007a867e750,0x00000007a8680000)
  to   space 66560K, 0% used [0x00000007ad600000,0x00000007ad600000,0x00000007b1700000)
 ParOldGen       total 221696K, used 128479K [0x00000006c1400000, 0x00000006cec80000, 0x000000076b180000)
  object space 221696K, 57% used [0x00000006c1400000,0x00000006c9177fc8,0x00000006cec80000)
 Metaspace       used 36878K, capacity 37159K, committed 37760K, reserved 1081344K
  class space    used 4740K, capacity 4870K, committed 4992K, reserved 1048576K
GC Heap History (10 events):
Event: 5.169 GC heap before
{Heap before GC invocations=9 (full 1):
 PSYoungGen      total 272896K, used 272867K [0x000000076b180000, 0x000000078e780000, 0x00000007c0000000)
  eden space 243712K, 100% used [0x000000076b180000,0x0000000779f80000,0x0000000779f80000)
  from space 29184K, 99% used [0x0000000779f80000,0x000000077bbf8fc0,0x000000077bc00000)
  to   space 46080K, 0% used [0x000000078ba80000,0x000000078ba80000,0x000000078e780000)
 ParOldGen       total 175104K, used 83648K [0x00000006c1400000, 0x00000006cbf00000, 0x000000076b180000)
  object space 175104K, 47% used [0x00000006c1400000,0x00000006c65b02b8,0x00000006cbf00000)
 Metaspace       used 21456K, capacity 21782K, committed 22144K, reserved 1069056K
  class space    used 2507K, capacity 2619K, committed 2688K, reserved 1048576K
Event: 5.178 GC heap after
Heap after GC invocations=9 (full 1):
 PSYoungGen      total 530432K, used 25887K [0x000000076b180000, 0x000000078e480000, 0x00000007c0000000)
  eden space 487424K, 0% used [0x000000076b180000,0x000000076b180000,0x0000000788d80000)
  from space 43008K, 60% used [0x000000078ba80000,0x000000078d3c7d90,0x000000078e480000)
  to   space 44544K, 0% used [0x0000000788d80000,0x0000000788d80000,0x000000078b900000)
 ParOldGen       total 175104K, used 86985K [0x00000006c1400000, 0x00000006cbf00000, 0x000000076b180000)
  object space 175104K, 49% used [0x00000006c1400000,0x00000006c68f27d0,0x00000006cbf00000)
 Metaspace       used 21456K, capacity 21782K, committed 22144K, reserved 1069056K
  class space    used 2507K, capacity 2619K, committed 2688K, reserved 1048576K
}
Event: 6.670 GC heap before
{Heap before GC invocations=10 (full 1):
 PSYoungGen      total 530432K, used 513311K [0x000000076b180000, 0x000000078e480000, 0x00000007c0000000)
  eden space 487424K, 100% used [0x000000076b180000,0x0000000788d80000,0x0000000788d80000)
  from space 43008K, 60% used [0x000000078ba80000,0x000000078d3c7d90,0x000000078e480000)
  to   space 44544K, 0% used [0x0000000788d80000,0x0000000788d80000,0x000000078b900000)
 ParOldGen       total 175104K, used 86985K [0x00000006c1400000, 0x00000006cbf00000, 0x000000076b180000)
  object space 175104K, 49% used [0x00000006c1400000,0x00000006c68f27d0,0x00000006cbf00000)
 Metaspace       used 24555K, capacity 24790K, committed 24960K, reserved 1071104K
  class space    used 3086K, capacity 3195K, committed 3200K, reserved 1048576K
Event: 6.692 GC heap after
Heap after GC invocations=10 (full 1):
 PSYoungGen      total 531968K, used 44534K [0x000000076b180000, 0x00000007acf80000, 0x00000007c0000000)
  eden space 487424K, 0% used [0x000000076b180000,0x000000076b180000,0x0000000788d80000)
  from space 44544K, 99% used [0x0000000788d80000,0x000000078b8fd840,0x000000078b900000)
  to   space 52224K, 0% used [0x00000007a9c80000,0x00000007a9c80000,0x00000007acf80000)
 ParOldGen       total 175104K, used 91057K [0x00000006c1400000, 0x00000006cbf00000, 0x000000076b180000)
  object space 175104K, 52% used [0x00000006c1400000,0x00000006c6cec458,0x00000006cbf00000)
 Metaspace       used 24555K, capacity 24790K, committed 24960K, reserved 1071104K
  class space    used 3086K, capacity 3195K, committed 3200K, reserved 1048576K
}
Event: 7.141 GC heap before
{Heap before GC invocations=11 (full 1):
 PSYoungGen      total 531968K, used 245721K [0x000000076b180000, 0x00000007acf80000, 0x00000007c0000000)
  eden space 487424K, 41% used [0x000000076b180000,0x00000007775f8d38,0x0000000788d80000)
  from space 44544K, 99% used [0x0000000788d80000,0x000000078b8fd840,0x000000078b900000)
  to   space 52224K, 0% used [0x00000007a9c80000,0x00000007a9c80000,0x00000007acf80000)
 ParOldGen       total 175104K, used 91057K [0x00000006c1400000, 0x00000006cbf00000, 0x000000076b180000)
  object space 175104K, 52% used [0x00000006c1400000,0x00000006c6cec458,0x00000006cbf00000)
 Metaspace       used 26398K, capacity 26710K, committed 26880K, reserved 1073152K
  class space    used 3469K, capacity 3579K, committed 3584K, reserved 1048576K
Event: 7.159 GC heap after
Heap after GC invocations=11 (full 1):
 PSYoungGen      total 807424K, used 26737K [0x000000076b180000, 0x00000007ab700000, 0x00000007c0000000)
  eden space 780288K, 0% used [0x000000076b180000,0x000000076b180000,0x000000079ab80000)
  from space 27136K, 98% used [0x00000007a9c80000,0x00000007ab69c708,0x00000007ab700000)
  to   space 49664K, 0% used [0x00000007a5600000,0x00000007a5600000,0x00000007a8680000)
 ParOldGen       total 175104K, used 112561K [0x00000006c1400000, 0x00000006cbf00000, 0x000000076b180000)
  object space 175104K, 64% used [0x00000006c1400000,0x00000006c81ec5c8,0x00000006cbf00000)
 Metaspace       used 26398K, capacity 26710K, committed 26880K, reserved 1073152K
  class space    used 3469K, capacity 3579K, committed 3584K, reserved 1048576K
}
Event: 7.159 GC heap before
{Heap before GC invocations=12 (full 2):
 PSYoungGen      total 807424K, used 26737K [0x000000076b180000, 0x00000007ab700000, 0x00000007c0000000)
  eden space 780288K, 0% used [0x000000076b180000,0x000000076b180000,0x000000079ab80000)
  from space 27136K, 98% used [0x00000007a9c80000,0x00000007ab69c708,0x00000007ab700000)
  to   space 49664K, 0% used [0x00000007a5600000,0x00000007a5600000,0x00000007a8680000)
 ParOldGen       total 175104K, used 112561K [0x00000006c1400000, 0x00000006cbf00000, 0x000000076b180000)
  object space 175104K, 64% used [0x00000006c1400000,0x00000006c81ec5c8,0x00000006cbf00000)
 Metaspace       used 26398K, capacity 26710K, committed 26880K, reserved 1073152K
  class space    used 3469K, capacity 3579K, committed 3584K, reserved 1048576K
Event: 7.284 GC heap after
Heap after GC invocations=12 (full 2):
 PSYoungGen      total 807424K, used 0K [0x000000076b180000, 0x00000007ab700000, 0x00000007c0000000)
  eden space 780288K, 0% used [0x000000076b180000,0x000000076b180000,0x000000079ab80000)
  from space 27136K, 0% used [0x00000007a9c80000,0x00000007a9c80000,0x00000007ab700000)
  to   space 49664K, 0% used [0x00000007a5600000,0x00000007a5600000,0x00000007a8680000)
 ParOldGen       total 221696K, used 99215K [0x00000006c1400000, 0x00000006cec80000, 0x000000076b180000)
  object space 221696K, 44% used [0x00000006c1400000,0x00000006c74e3e18,0x00000006cec80000)
 Metaspace       used 26398K, capacity 26710K, committed 26880K, reserved 1073152K
  class space    used 3469K, capacity 3579K, committed 3584K, reserved 1048576K
}
Event: 11.591 GC heap before
{Heap before GC invocations=13 (full 2):
 PSYoungGen      total 807424K, used 780288K [0x000000076b180000, 0x00000007ab700000, 0x00000007c0000000)
  eden space 780288K, 100% used [0x000000076b180000,0x000000079ab80000,0x000000079ab80000)
  from space 27136K, 0% used [0x00000007a9c80000,0x00000007a9c80000,0x00000007ab700000)
  to   space 49664K, 0% used [0x00000007a5600000,0x00000007a5600000,0x00000007a8680000)
 ParOldGen       total 221696K, used 99215K [0x00000006c1400000, 0x00000006cec80000, 0x000000076b180000)
  object space 221696K, 44% used [0x00000006c1400000,0x00000006c74e3e18,0x00000006cec80000)
 Metaspace       used 34666K, capacity 35011K, committed 35328K, reserved 1079296K
  class space    used 4487K, capacity 4606K, committed 4608K, reserved 1048576K
Event: 11.625 GC heap after
Heap after GC invocations=13 (full 2):
 PSYoungGen      total 1004544K, used 49657K [0x000000076b180000, 0x00000007b1700000, 0x00000007c0000000)
  eden space 954880K, 0% used [0x000000076b180000,0x000000076b180000,0x00000007a5600000)
  from space 49664K, 99% used [0x00000007a5600000,0x00000007a867e750,0x00000007a8680000)
  to   space 66560K, 0% used [0x00000007ad600000,0x00000007ad600000,0x00000007b1700000)
 ParOldGen       total 221696K, used 128479K [0x00000006c1400000, 0x00000006cec80000, 0x000000076b180000)
  object space 221696K, 57% used [0x00000006c1400000,0x00000006c9177fc8,0x00000006cec80000)
 Metaspace       used 34666K, capacity 35011K, committed 35328K, reserved 1079296K
  class space    used 4487K, capacity 4606K, committed 4608K, reserved 1048576K
}

